<?xml version="1.0" encoding="UTF-8"?>
<testsuite name="com.project.pom.InlineValidationTest" tests="1" skipped="0" failures="0" errors="0" timestamp="2023-05-25T16:08:54" hostname="LASPRILLAPC" time="10.367">
  <properties/>
  <testcase name="test()" classname="com.project.pom.InlineValidationTest" time="10.367"/>
  <system-out><![CDATA[]]></system-out>
  <system-err><![CDATA[Starting ChromeDriver 113.0.5672.63 (0e1a4471d5ae5bf128b1bd8f4d627c8cbd55f70c-refs/branch-heads/5672@{#912}) on port 57753
Only local connections are allowed.
Please see https://chromedriver.chromium.org/security-considerations for suggestions on keeping ChromeDriver safe.
ChromeDriver was started successfully.
May 25, 2023 11:08:55 AM org.openqa.selenium.remote.ProtocolHandshake createSession
INFO: Detected dialect: W3C
]]></system-err>
</testsuite>
